\BOOKMARK [-1][]{ctitle.-1}{\376\377\232\330\226\066\165\037\142\020\147\072\164\006\133\374\124\021\166\204\131\047\211\304\152\041\122\250\140\001\177\121\176\334\171\076\126\342\150\300\155\113\123\312\157\024\123\026\122\006\147\220\170\024\172\166}{}% 1
\BOOKMARK [0][]{section*.2}{\376\377\144\130\000\040\000\040\000\040\000\040\211\201}{ctitle.-1}% 2
\BOOKMARK [0][]{section*.4}{\376\377\000A\000B\000S\000T\000R\000A\000C\000T}{ctitle.-1}% 3
\BOOKMARK [0][]{section*.6}{\376\377\166\356\000\040\000\040\000\040\000\040\137\125}{ctitle.-1}% 4
\BOOKMARK [0][]{section*.8}{\376\377\0001\000\040\176\352\213\272}{ctitle.-1}% 5
\BOOKMARK [1][]{section*.9}{\376\377\0001\000.\0001\000\040\170\024\172\166\200\314\146\157\116\016\141\017\116\111}{section*.8}% 6
\BOOKMARK [1][]{section*.10}{\376\377\0001\000.\0002\000\040\170\024\172\166\163\260\162\266}{section*.8}% 7
\BOOKMARK [2][]{section*.11}{\376\377\0001\000.\0002\000.\0001\000\040\227\131\140\001\177\121\176\334\171\076\126\342\150\300\155\113\170\024\172\166\163\260\162\266}{section*.10}% 8
\BOOKMARK [2][]{section*.13}{\376\377\0001\000.\0002\000.\0002\000\040\122\250\140\001\177\121\176\334\171\076\126\342\150\300\155\113\170\024\172\166\163\260\162\266}{section*.10}% 9
\BOOKMARK [1][]{section*.19}{\376\377\0001\000.\0003\000\040\170\024\172\166\121\205\133\271\116\016\122\033\145\260\160\271}{section*.8}% 10
\BOOKMARK [1][]{section*.21}{\376\377\0001\000.\0004\000\040\213\272\145\207\176\304\176\307\176\323\147\204}{section*.8}% 11
\BOOKMARK [0][]{section*.22}{\376\377\0002\000\040\166\370\121\163\170\024\172\166\127\372\170\100}{ctitle.-1}% 12
\BOOKMARK [1][]{section*.23}{\376\377\0002\000.\0001\000\040\122\250\140\001\177\121\176\334\171\076\126\342\150\300\155\113\166\370\121\163\170\024\172\166}{section*.22}% 13
\BOOKMARK [2][]{section*.25}{\376\377\0002\000.\0001\000.\0001\000\040\127\372\116\216\124\057\123\321\137\017\117\030\123\026\166\204\145\271\154\325}{section*.23}% 14
\BOOKMARK [2][]{section*.26}{\376\377\0002\000.\0001\000.\0002\000\040\127\372\116\216\167\351\226\065\122\006\211\343\166\204\145\271\154\325}{section*.23}% 15
\BOOKMARK [2][]{section*.27}{\376\377\0002\000.\0001\000.\0003\000\040\127\372\116\216\214\061\117\030\123\026\166\204\145\271\154\325}{section*.23}% 16
\BOOKMARK [2][]{section*.28}{\376\377\0002\000.\0001\000.\0004\000\040\127\372\116\216\131\032\166\356\150\007\117\030\123\026\166\204\145\271\154\325}{section*.23}% 17
\BOOKMARK [2][]{section*.29}{\376\377\0002\000.\0001\000.\0005\000\040\127\372\116\216\122\250\122\233\133\146\166\204\145\271\154\325}{section*.23}% 18
\BOOKMARK [2][]{section*.30}{\376\377\0002\000.\0001\000.\0006\000\040\127\372\116\216\226\217\147\072\127\127\152\041\127\213\166\204\145\271\154\325}{section*.23}% 19
\BOOKMARK [2][]{section*.31}{\376\377\0002\000.\0001\000.\0007\000\040\127\372\116\216\155\361\136\246\133\146\116\140\166\204\145\271\154\325}{section*.23}% 20
\BOOKMARK [1][]{section*.32}{\376\377\0002\000.\0002\000\040\155\361\136\246\165\037\142\020\152\041\127\213\166\370\121\163\170\024\172\166\127\372\170\100}{section*.22}% 21
\BOOKMARK [1][]{section*.34}{\376\377\0002\000.\0003\000\040\122\250\140\001\177\121\176\334\171\076\126\342\150\300\155\113\213\304\116\367\143\007\150\007}{section*.22}% 22
\BOOKMARK [1][]{section*.35}{\376\377\0002\000.\0004\000\040\147\054\172\340\134\017\176\323}{section*.22}% 23
\BOOKMARK [0][]{section*.36}{\376\377\0003\000\040\122\250\140\001\177\121\176\334\171\076\126\342\157\024\123\026\152\041\137\017\211\304\137\213\143\026\143\230\123\312\134\102\153\041\136\372\152\041}{ctitle.-1}% 24
\BOOKMARK [1][]{section*.37}{\376\377\0003\000.\0001\000\040\137\025\212\000}{section*.36}% 25
\BOOKMARK [1][]{section*.38}{\376\377\0003\000.\0002\000\040\202\202\160\271\166\204\171\076\126\342\217\154\171\373\137\002\215\050\140\047\232\214\213\301}{section*.36}% 26
\BOOKMARK [2][]{section*.42}{\376\377\0003\000.\0002\000.\0001\000\040\211\304\137\213\143\026\143\230\145\160\143\156\143\317\217\360}{section*.38}% 27
\BOOKMARK [2][]{section*.44}{\376\377\0003\000.\0002\000.\0002\000\040\143\026\143\230\176\323\147\234}{section*.38}% 28
\BOOKMARK [1][]{section*.49}{\376\377\0003\000.\0003\000\040\207\215\124\010\202\202\160\271\171\076\126\342\217\154\171\373\137\002\215\050\140\047\166\204\122\250\140\001\226\217\147\072\127\127\152\041\127\213}{section*.36}% 29
\BOOKMARK [2][]{section*.50}{\376\377\0003\000.\0003\000.\0001\000\040\173\046\123\367\210\150\171\072}{section*.49}% 30
\BOOKMARK [2][]{section*.51}{\376\377\0003\000.\0003\000.\0002\000\040\000H\000B\000-\000D\000S\000B\000M\152\041\127\213\213\276\213\241}{section*.49}% 31
\BOOKMARK [1][]{section*.53}{\376\377\0003\000.\0004\000\040\152\041\127\213\154\102\211\343}{section*.36}% 32
\BOOKMARK [2][]{section*.54}{\376\377\0003\000.\0004\000.\0001\000\040\123\330\122\006\143\250\145\255}{section*.53}% 33
\BOOKMARK [2][]{section*.55}{\376\377\0003\000.\0004\000.\0002\000\040\217\355\116\343\173\227\154\325}{section*.53}% 34
\BOOKMARK [1][]{section*.57}{\376\377\0003\000.\0005\000\040\133\236\232\214\123\312\232\214\213\301}{section*.36}% 35
\BOOKMARK [2][]{section*.58}{\376\377\0003\000.\0005\000.\0001\000\040\145\160\143\156\226\306}{section*.57}% 36
\BOOKMARK [2][]{section*.59}{\376\377\0003\000.\0005\000.\0002\000\040\171\076\126\342\150\300\155\113\133\236\232\214}{section*.57}% 37
\BOOKMARK [2][]{section*.64}{\376\377\0003\000.\0005\000.\0003\000\040\171\076\126\342\157\024\123\026\122\006\147\220}{section*.57}% 38
\BOOKMARK [2][]{section*.92}{\376\377\0003\000.\0005\000.\0004\000\040\202\202\160\271\166\204\157\024\123\026\137\002\136\070\122\006\147\220}{section*.57}% 39
\BOOKMARK [1][]{section*.97}{\376\377\0003\000.\0006\000\040\147\054\172\340\134\017\176\323}{section*.36}% 40
\BOOKMARK [0][]{section*.98}{\376\377\0004\000\040\207\215\124\010\202\202\160\271\155\101\210\114\136\246\166\204\122\250\140\001\177\121\176\334\136\372\152\041\123\312\134\102\153\041\137\002\136\070\150\300\155\113}{ctitle.-1}% 41
\BOOKMARK [1][]{section*.99}{\376\377\0004\000.\0001\000\040\137\025\212\000}{section*.98}% 42
\BOOKMARK [1][]{section*.101}{\376\377\0004\000.\0002\000\040\152\041\127\213\143\317\217\360}{section*.98}% 43
\BOOKMARK [2][]{section*.102}{\376\377\0004\000.\0002\000.\0001\000\040\121\306\131\007\135\345\117\134}{section*.101}% 44
\BOOKMARK [2][]{section*.103}{\376\377\0004\000.\0002\000.\0002\000\040\165\037\142\020\152\041\127\213}{section*.101}% 45
\BOOKMARK [2][]{section*.111}{\376\377\0004\000.\0002\000.\0003\000\040\152\041\127\213\200\124\124\010\151\202\163\207\122\006\136\003\143\250\145\255}{section*.101}% 46
\BOOKMARK [2][]{section*.112}{\376\377\0004\000.\0002\000.\0004\000\040\122\250\140\001\177\121\176\334\134\102\153\041\157\024\123\026\137\002\136\070\150\300\155\113\133\232\116\111}{section*.101}% 47
\BOOKMARK [1][]{section*.113}{\376\377\0004\000.\0003\000\040\152\041\127\213\143\250\145\255\123\312\123\302\145\160\154\102\211\343}{section*.98}% 48
\BOOKMARK [2][]{section*.114}{\376\377\0004\000.\0003\000.\0001\000\040\123\330\122\006\143\250\145\255\000E\153\145}{section*.113}% 49
\BOOKMARK [2][]{section*.118}{\376\377\0004\000.\0003\000.\0002\000\040\123\330\122\006\143\250\145\255\000M\153\145}{section*.113}% 50
\BOOKMARK [2][]{section*.119}{\376\377\0004\000.\0003\000.\0003\000\040\173\227\154\325\155\101\172\013}{section*.113}% 51
\BOOKMARK [2][]{section*.121}{\376\377\0004\000.\0003\000.\0004\000\040\131\015\147\102\136\246\122\006\147\220}{section*.113}% 52
\BOOKMARK [1][]{section*.122}{\376\377\0004\000.\0004\000\040\133\236\232\214\213\304\155\113}{section*.98}% 53
\BOOKMARK [2][]{section*.123}{\376\377\0004\000.\0004\000.\0001\000\040\145\160\143\156\226\306}{section*.122}% 54
\BOOKMARK [2][]{section*.124}{\376\377\0004\000.\0004\000.\0002\000\040\171\076\126\342\150\300\155\113}{section*.122}% 55
\BOOKMARK [2][]{section*.129}{\376\377\0004\000.\0004\000.\0003\000\040\137\353\161\147\176\247\122\053\137\002\136\070\150\300\155\113}{section*.122}% 56
\BOOKMARK [2][]{section*.138}{\376\377\0004\000.\0004\000.\0004\000\040\171\076\126\342\176\247\122\053\137\002\136\070\150\300\155\113}{section*.122}% 57
\BOOKMARK [2][]{section*.144}{\376\377\0004\000.\0004\000.\0005\000\040\202\202\160\271\176\247\122\053\137\002\136\070\150\300\155\113}{section*.122}% 58
\BOOKMARK [2][]{section*.146}{\376\377\0004\000.\0004\000.\0006\000\040\150\110\117\213\170\024\172\166}{section*.122}% 59
\BOOKMARK [1][]{section*.148}{\376\377\0004\000.\0005\000\040\147\054\172\340\134\017\176\323}{section*.98}% 60
\BOOKMARK [0][]{section*.149}{\376\377\0005\000\040\127\372\116\216\155\361\136\246\165\037\142\020\152\041\127\213\166\204\122\250\140\001\177\121\176\334\136\372\152\041}{ctitle.-1}% 61
\BOOKMARK [1][]{section*.150}{\376\377\0005\000.\0001\000\040\137\025\212\000}{section*.149}% 62
\BOOKMARK [1][]{section*.151}{\376\377\0005\000.\0002\000\040\152\041\127\213\143\317\217\360}{section*.149}% 63
\BOOKMARK [2][]{section*.153}{\376\377\0005\000.\0002\000.\0001\000\040\173\046\123\367\116\016\225\356\230\230\133\232\116\111}{section*.151}% 64
\BOOKMARK [2][]{section*.154}{\376\377\0005\000.\0002\000.\0002\000\040\000V\000G\000R\000G\000M\000M\152\041\127\213\150\106\147\266}{section*.151}% 65
\BOOKMARK [2][]{section*.157}{\376\377\0005\000.\0002\000.\0003\000\040\117\030\123\026\217\307\172\013}{section*.151}% 66
\BOOKMARK [1][]{section*.159}{\376\377\0005\000.\0003\000\040\133\236\232\214}{section*.149}% 67
\BOOKMARK [2][]{section*.160}{\376\377\0005\000.\0003\000.\0001\000\040\145\160\143\156\226\306}{section*.159}% 68
\BOOKMARK [2][]{section*.162}{\376\377\0005\000.\0003\000.\0002\000\040\133\236\232\214\213\276\177\156}{section*.159}% 69
\BOOKMARK [2][]{section*.163}{\376\377\0005\000.\0003\000.\0003\000\040\213\304\116\367\143\007\150\007}{section*.159}% 70
\BOOKMARK [2][]{section*.164}{\376\377\0005\000.\0003\000.\0004\000\040\122\250\140\001\171\076\126\342\150\300\155\113\133\236\232\214\176\323\147\234}{section*.159}% 71
\BOOKMARK [2][]{section*.173}{\376\377\0005\000.\0003\000.\0005\000\040\123\357\211\306\123\026\176\323\147\234}{section*.159}% 72
\BOOKMARK [2][]{section*.178}{\376\377\0005\000.\0003\000.\0006\000\040\123\302\145\160\145\117\141\037\140\047\122\006\147\220}{section*.159}% 73
\BOOKMARK [2][]{section*.180}{\376\377\0005\000.\0003\000.\0007\000\040\150\110\117\213\122\006\147\220}{section*.159}% 74
\BOOKMARK [1][]{section*.188}{\376\377\0005\000.\0004\000\040\147\054\172\340\134\017\176\323}{section*.149}% 75
\BOOKMARK [0][]{section*.189}{\376\377\0006\000\040\140\073\176\323\116\016\134\125\147\033}{ctitle.-1}% 76
\BOOKMARK [1][]{section*.190}{\376\377\0006\000.\0001\000\040\170\024\172\166\140\073\176\323}{section*.189}% 77
\BOOKMARK [1][]{section*.191}{\376\377\0006\000.\0002\000\040\170\024\172\166\134\125\147\033}{section*.189}% 78
\BOOKMARK [0][]{section*.193}{\376\377\123\302\200\003\145\207\163\056}{ctitle.-1}% 79
\BOOKMARK [0][]{section*.195}{\376\377\123\321\210\150\213\272\145\207\124\214\123\302\122\240\171\321\170\024\140\305\121\265}{ctitle.-1}% 80
\BOOKMARK [0][]{section*.197}{\376\377\226\104\137\125}{ctitle.-1}% 81
\BOOKMARK [0][]{section*.202}{\376\377\201\364\000\040\214\042}{ctitle.-1}% 82
